0 info it worked if it ends with ok
1 verbose cli [ '/usr/local/bin/node', '/usr/local/bin/npm', 'i', '-g', 'yarn' ]
2 info using npm@2.14.7
3 info using node@v4.2.1
4 verbose install initial load of /usr/local/lib/package.json
5 verbose readDependencies loading dependencies from /usr/local/lib/package.json
6 silly cache add args [ 'yarn', null ]
7 verbose cache add spec yarn
8 silly cache add parsed spec Result {
8 silly cache add   raw: 'yarn',
8 silly cache add   scope: null,
8 silly cache add   name: 'yarn',
8 silly cache add   rawSpec: '',
8 silly cache add   spec: '*',
8 silly cache add   type: 'range' }
9 silly addNamed yarn@*
10 verbose addNamed "*" is a valid semver range for yarn
11 silly addNameRange { name: 'yarn', range: '*', hasData: false }
12 silly mapToRegistry name yarn
13 silly mapToRegistry using default registry
14 silly mapToRegistry registry https://registry.npmjs.org/
15 silly mapToRegistry uri https://registry.npmjs.org/yarn
16 verbose addNameRange registry:https://registry.npmjs.org/yarn not in flight; fetching
17 verbose request uri https://registry.npmjs.org/yarn
18 verbose request no auth needed
19 info attempt registry request try #1 at 23:01:58
20 verbose request id fe04d2ea123968db
21 verbose etag "5a7d7391-33f9b"
22 verbose lastModified Fri, 9 Feb 2018 10:10:25 GMT
23 http request GET https://registry.npmjs.org/yarn
24 http 304 https://registry.npmjs.org/yarn
25 verbose headers { date: 'Fri, 16 Feb 2018 23:01:58 GMT',
25 verbose headers   via: '1.1 varnish',
25 verbose headers   'cache-control': 'max-age=300',
25 verbose headers   etag: '"5a7d7391-33f9b"',
25 verbose headers   age: '9962',
25 verbose headers   connection: 'keep-alive',
25 verbose headers   'x-served-by': 'cache-dca17737-DCA',
25 verbose headers   'x-cache': 'HIT',
25 verbose headers   'x-cache-hits': '38',
25 verbose headers   'x-timer': 'S1518822119.632724,VS0,VE0',
25 verbose headers   vary: 'Accept-Encoding, Accept' }
26 silly get cb [ 304,
26 silly get   { date: 'Fri, 16 Feb 2018 23:01:58 GMT',
26 silly get     via: '1.1 varnish',
26 silly get     'cache-control': 'max-age=300',
26 silly get     etag: '"5a7d7391-33f9b"',
26 silly get     age: '9962',
26 silly get     connection: 'keep-alive',
26 silly get     'x-served-by': 'cache-dca17737-DCA',
26 silly get     'x-cache': 'HIT',
26 silly get     'x-cache-hits': '38',
26 silly get     'x-timer': 'S1518822119.632724,VS0,VE0',
26 silly get     vary: 'Accept-Encoding, Accept' } ]
27 verbose etag https://registry.npmjs.org/yarn from cache
28 verbose get saving yarn to /home/pi/.npm/registry.npmjs.org/yarn/.cache.json
29 silly addNameRange number 2 { name: 'yarn', range: '*', hasData: true }
30 silly addNameRange versions [ 'yarn',
30 silly addNameRange   [ '0.1.0',
30 silly addNameRange     '0.1.1',
30 silly addNameRange     '0.1.2',
30 silly addNameRange     '0.1.3',
30 silly addNameRange     '0.15.1',
30 silly addNameRange     '0.16.0',
30 silly addNameRange     '0.16.1',
30 silly addNameRange     '0.17.0',
30 silly addNameRange     '0.17.2',
30 silly addNameRange     '0.17.3',
30 silly addNameRange     '0.17.4',
30 silly addNameRange     '0.17.5',
30 silly addNameRange     '0.17.6',
30 silly addNameRange     '0.17.7',
30 silly addNameRange     '0.17.8',
30 silly addNameRange     '0.17.9',
30 silly addNameRange     '0.17.10',
30 silly addNameRange     '0.18.0',
30 silly addNameRange     '0.18.1',
30 silly addNameRange     '0.19.0',
30 silly addNameRange     '0.19.1',
30 silly addNameRange     '0.20.0',
30 silly addNameRange     '0.21.0',
30 silly addNameRange     '0.20.3',
30 silly addNameRange     '0.21.1',
30 silly addNameRange     '0.21.2',
30 silly addNameRange     '0.18.2',
30 silly addNameRange     '0.20.4',
30 silly addNameRange     '0.21.3',
30 silly addNameRange     '0.22.0',
30 silly addNameRange     '0.23.0',
30 silly addNameRange     '0.23.1',
30 silly addNameRange     '0.23.2',
30 silly addNameRange     '0.23.3',
30 silly addNameRange     '0.23.4',
30 silly addNameRange     '0.24.0',
30 silly addNameRange     '0.24.1',
30 silly addNameRange     '0.24.2',
30 silly addNameRange     '0.24.3',
30 silly addNameRange     '0.24.4',
30 silly addNameRange     '0.25.1',
30 silly addNameRange     '0.24.5',
30 silly addNameRange     '0.25.2',
30 silly addNameRange     '0.24.6',
30 silly addNameRange     '0.25.3',
30 silly addNameRange     '0.25.4',
30 silly addNameRange     '0.26.0',
30 silly addNameRange     '0.26.1',
30 silly addNameRange     '0.27.0',
30 silly addNameRange     '0.27.1',
30 silly addNameRange     '0.27.2',
30 silly addNameRange     '0.27.3',
30 silly addNameRange     '0.27.4',
30 silly addNameRange     '0.27.5',
30 silly addNameRange     '0.28.1',
30 silly addNameRange     '0.28.4',
30 silly addNameRange     '1.0.0',
30 silly addNameRange     '1.0.1',
30 silly addNameRange     '1.0.2',
30 silly addNameRange     '1.1.0',
30 silly addNameRange     '1.2.0',
30 silly addNameRange     '1.2.1',
30 silly addNameRange     '1.3.1',
30 silly addNameRange     '1.3.2',
30 silly addNameRange     '1.4.0' ] ]
31 silly addNamed yarn@1.3.2
32 verbose addNamed "1.3.2" is a plain semver version for yarn
33 warn deprecated yarn@1.3.2: It is recommended to install Yarn using the native installation method for your environment. See https://yarnpkg.com/en/docs/install
34 silly cache afterAdd yarn@1.3.2
35 verbose afterAdd /home/pi/.npm/yarn/1.3.2/package/package.json not in flight; writing
36 verbose afterAdd /home/pi/.npm/yarn/1.3.2/package/package.json written
37 silly install resolved [ { name: 'yarn',
37 silly install resolved     installationMethod: 'tar',
37 silly install resolved     version: '1.3.2',
37 silly install resolved     license: 'BSD-2-Clause',
37 silly install resolved     preferGlobal: true,
37 silly install resolved     description: 'ðŸ“¦ðŸˆ Fast, reliable, and secure dependency management.',
37 silly install resolved     engines: { node: '>=4.0.0' },
37 silly install resolved     repository: { type: 'git', url: 'git+https://github.com/yarnpkg/yarn.git' },
37 silly install resolved     bin: { yarn: './bin/yarn.js', yarnpkg: './bin/yarn.js' },
37 silly install resolved     config: { commitizen: [Object] },
37 silly install resolved     bugs: { url: 'https://github.com/yarnpkg/yarn/issues' },
37 silly install resolved     homepage: 'https://github.com/yarnpkg/yarn#readme',
37 silly install resolved     _id: 'yarn@1.3.2',
37 silly install resolved     _shasum: '5939762581b5b4ddcd3418c0f6be42df3aee195f',
37 silly install resolved     _resolved: 'https://registry.npmjs.org/yarn/-/yarn-1.3.2.tgz',
37 silly install resolved     _from: 'yarn@*',
37 silly install resolved     _npmVersion: '4.6.1',
37 silly install resolved     _nodeVersion: '8.6.0',
37 silly install resolved     _npmUser: { name: 'sebmck', email: 'sebmck@gmail.com' },
37 silly install resolved     dist:
37 silly install resolved      { shasum: '5939762581b5b4ddcd3418c0f6be42df3aee195f',
37 silly install resolved        tarball: 'https://registry.npmjs.org/yarn/-/yarn-1.3.2.tgz' },
37 silly install resolved     maintainers: [ [Object], [Object], [Object], [Object], [Object], [Object] ],
37 silly install resolved     _npmOperationalInternal:
37 silly install resolved      { host: 's3://npm-registry-packages',
37 silly install resolved        tmp: 'tmp/yarn-1.3.2.tgz_1509641396007_0.42532535269856453' },
37 silly install resolved     directories: {},
37 silly install resolved     deprecated: 'It is recommended to install Yarn using the native installation method for your environment. See https://yarnpkg.com/en/docs/install',
37 silly install resolved     readme: 'ERROR: No README data found!' } ]
38 info install yarn@1.3.2 into /usr/local/lib
39 info installOne yarn@1.3.2
40 verbose installOne of yarn to /usr/local/lib not in flight; installing
41 verbose lock using /home/pi/.npm/_locks/yarn-27fadec71f272279.lock for /usr/local/lib/node_modules/yarn
42 silly install write writing yarn 1.3.2 to /usr/local/lib/node_modules/yarn
43 verbose unbuild lib/node_modules/yarn
44 silly gentlyRm /usr/local/lib/node_modules/yarn is being purged from base /usr/local
45 verbose gentlyRm don't care about contents; nuking /usr/local/lib/node_modules/yarn
46 verbose tar unpack /home/pi/.npm/yarn/1.3.2/package.tgz
47 verbose tar unpacking to /usr/local/lib/node_modules/yarn
48 silly gentlyRm /usr/local/lib/node_modules/yarn is being purged
49 verbose gentlyRm don't care about contents; nuking /usr/local/lib/node_modules/yarn
50 silly gunzTarPerm modes [ '755', '644' ]
51 error tar.unpack untar error /home/pi/.npm/yarn/1.3.2/package.tgz
52 verbose unlock done using /home/pi/.npm/_locks/yarn-27fadec71f272279.lock for /usr/local/lib/node_modules/yarn
53 verbose fstream_path /usr/local/lib/node_modules/yarn
54 verbose fstream_type Directory
55 verbose fstream_class DirWriter
56 verbose stack Error: EACCES: permission denied, mkdir '/usr/local/lib/node_modules/yarn'
56 verbose stack     at Error (native)
57 verbose fstream_stack /usr/local/lib/node_modules/npm/node_modules/fstream/lib/dir-writer.js:35:25
57 verbose fstream_stack /usr/local/lib/node_modules/npm/node_modules/mkdirp/index.js:47:53
57 verbose fstream_stack FSReqWrap.oncomplete (fs.js:82:15)
58 verbose cwd /home/pi/_code/RaspbianHUB
59 error Linux 4.9.35-v7+
60 error argv "/usr/local/bin/node" "/usr/local/bin/npm" "i" "-g" "yarn"
61 error node v4.2.1
62 error npm  v2.14.7
63 error path /usr/local/lib/node_modules/yarn
64 error code EACCES
65 error errno -13
66 error syscall mkdir
67 error Error: EACCES: permission denied, mkdir '/usr/local/lib/node_modules/yarn'
67 error     at Error (native)
67 error  { [Error: EACCES: permission denied, mkdir '/usr/local/lib/node_modules/yarn']
67 error   errno: -13,
67 error   code: 'EACCES',
67 error   syscall: 'mkdir',
67 error   path: '/usr/local/lib/node_modules/yarn',
67 error   fstream_type: 'Directory',
67 error   fstream_path: '/usr/local/lib/node_modules/yarn',
67 error   fstream_class: 'DirWriter',
67 error   fstream_stack:
67 error    [ '/usr/local/lib/node_modules/npm/node_modules/fstream/lib/dir-writer.js:35:25',
67 error      '/usr/local/lib/node_modules/npm/node_modules/mkdirp/index.js:47:53',
67 error      'FSReqWrap.oncomplete (fs.js:82:15)' ] }
68 error Please try running this command again as root/Administrator.
69 verbose exit [ -13, true ]
70 verbose unbuild lib/node_modules/yarn
71 silly gentlyRm /usr/local/lib/node_modules/yarn is being purged from base /usr/local
72 verbose gentlyRm don't care about contents; nuking /usr/local/lib/node_modules/yarn
